<?xml version="1.0" encoding="UTF-8" standalone="yes"?><!DOCTYPE report PUBLIC "-//JACOCO//DTD Report 1.1//EN" "report.dtd"><report name="gameoflife-build"><sessioninfo id="MacBook-Air-Jakub.local-56e00592" start="1599242303291" dump="1599242308664"/><sessioninfo id="MacBook-Air-Jakub.local-2c6a67a7" start="1599242309203" dump="1599242314483"/><sessioninfo id="MacBook-Air-Jakub.local-33af5027" start="1599242482362" dump="1599242487642"/><sessioninfo id="MacBook-Air-Jakub.local-594dc30d" start="1599242488197" dump="1599242493484"/><sessioninfo id="MacBook-Air-Jakub.local-f0f48704" start="1599242614814" dump="1599242620074"/><sessioninfo id="MacBook-Air-Jakub.local-6d60b56d" start="1599242620602" dump="1599242625879"/><sessioninfo id="MacBook-Air-Jakub.local-f985efd1" start="1599242704534" dump="1599242709798"/><sessioninfo id="MacBook-Air-Jakub.local-b9aeac03" start="1599242710309" dump="1599242715595"/></report>