<?xml version="1.0" encoding="UTF-8" ?>
<testsuite tests="11" failures="0" name="com.wakaleo.gameoflife.domain.WhenYouCreateANewUniverse" time="0.045" errors="0" skipped="0">
  <properties>
[...]
</properties>
  <testcase classname="com.wakaleo.gameoflife.domain.WhenYouCreateANewUniverse" name="aUserCanAssignALiveCellAtAGivenPointInTheGrid" time="0.024"/>
  <testcase classname="com.wakaleo.gameoflife.domain.WhenYouCreateANewUniverse" name="aUniverseCanBeInitializedWithAnyDimension" time="0.001"/>
  <testcase classname="com.wakaleo.gameoflife.domain.WhenYouCreateANewUniverse" name="aUniverseSeededWithAnEmpyGridContentWillContainAnEmptyGrid" time="0"/>
  <testcase classname="com.wakaleo.gameoflife.domain.WhenYouCreateANewUniverse" name="aUserCanReadADeadCellValueAtAGivenPointInTheGrid" time="0"/>
  <testcase classname="com.wakaleo.gameoflife.domain.WhenYouCreateANewUniverse" name="aUserCanObtainTheGridContentsAsAnArrayOfCells" time="0.002"/>
  <testcase classname="com.wakaleo.gameoflife.domain.WhenYouCreateANewUniverse" name="aUserCanReadALiveCellValueAtAGivenPointInTheGrid" time="0.002"/>
  <testcase classname="com.wakaleo.gameoflife.domain.WhenYouCreateANewUniverse" name="aUserCanAssignADeadCellAtAGivenPointInTheGrid" time="0"/>
  <testcase classname="com.wakaleo.gameoflife.domain.WhenYouCreateANewUniverse" name="aUniverseSeededWithAGridContainingASingleLiveCellContentWillSpawnAnEmptyGrid" time="0.001"/>
  <testcase classname="com.wakaleo.gameoflife.domain.WhenYouCreateANewUniverse" name="aUniverseSeededWithAGridWithLivingCellsContentWillContainThatGrid" time="0"/>
  <testcase classname="com.wakaleo.gameoflife.domain.WhenYouCreateANewUniverse" name="aUniverseSpawnsANewGridInTheNextGeneration" time="0"/>
  <testcase classname="com.wakaleo.gameoflife.domain.WhenYouCreateANewUniverse" name="aNewUniverseShouldContainOnlyDeadCells" time="0.001"/>
</testsuite>